\BOOKMARK [1][-]{section.1}{Instrodu\347\343o}{}% 1
\BOOKMARK [2][-]{subsection.1.1}{Objetivos}{section.1}% 2
\BOOKMARK [1][-]{section.2}{Cronograma}{}% 3
\BOOKMARK [2][-]{subsection.2.1}{Atividades sendo desenvolvidas}{section.2}% 4
\BOOKMARK [1][-]{section.3}{Infraestrutura energetica}{}% 5
\BOOKMARK [2][-]{subsection.3.1}{Medida de energia}{section.3}% 6
\BOOKMARK [2][-]{subsection.3.2}{Montagem final}{section.3}% 7
\BOOKMARK [2][-]{subsection.3.3}{Fotos}{section.3}% 8
\BOOKMARK [1][-]{section.4}{Contadores de desempenho}{}% 9
\BOOKMARK [2][-]{subsection.4.1}{Processador}{section.4}% 10
\BOOKMARK [2][-]{subsection.4.2}{Tela}{section.4}% 11
\BOOKMARK [2][-]{subsection.4.3}{Redes}{section.4}% 12
\BOOKMARK [2][-]{subsection.4.4}{GPS}{section.4}% 13
\BOOKMARK [2][-]{subsection.4.5}{GPU}{section.4}% 14
\BOOKMARK [1][-]{section.5}{Sincroniza\347\343o}{}% 15
\BOOKMARK [1][-]{section.6}{Benchmarks}{}% 16
\BOOKMARK [2][-]{subsection.6.1}{Processador}{section.6}% 17
\BOOKMARK [2][-]{subsection.6.2}{Tela}{section.6}% 18
\BOOKMARK [2][-]{subsection.6.3}{Redes}{section.6}% 19
\BOOKMARK [2][-]{subsection.6.4}{GPS}{section.6}% 20
\BOOKMARK [2][-]{subsection.6.5}{GPU}{section.6}% 21
\BOOKMARK [1][-]{section.7}{Metodologia}{}% 22
\BOOKMARK [1][-]{section.8}{Anexos}{}% 23
\BOOKMARK [2][-]{subsection.8.1}{Anexo I - Cronograma}{section.8}% 24
